<?xml version="1.0" encoding="UTF-8"?>
<!-- Generated by org.testng.reporters.JUnitXMLReporter -->
<testsuite ignored="0" hostname="Vijay" failures="1" tests="2" name="Test" time="41.297" errors="0" timestamp="2022-11-05T08:53:59 IST">
  <testcase classname="Test_Automation.FlipkartLogin" name="login" time="36.528"/>
  <testcase classname="Test_Automation.FlipkartLogin" name="failCase" time="0.006">
    <failure type="java.lang.AssertionError" message="expected [true] but found [false]">
      <![CDATA[java.lang.AssertionError: expected [true] but found [false]
at Test_Automation.FlipkartLogin.failCase(FlipkartLogin.java:48)
at java.base/java.util.ArrayList.forEach(ArrayList.java:1511)
... Removed 29 stack frames]]>
    </failure>
  </testcase> <!-- failCase -->
</testsuite> <!-- Test -->
